x:\nyanengine\nyanengine\x64\releasenyan\enginefunctions.obj
x:\nyanengine\nyanengine\x64\releasenyan\threadmanager.obj
x:\nyanengine\nyanengine\x64\releasenyan\dialog.obj
x:\nyanengine\nyanengine\x64\releasenyan\parser.obj
x:\nyanengine\nyanengine\x64\releasenyan\companion.obj
x:\nyanengine\nyanengine\x64\releasenyan\errorlogger.obj
x:\nyanengine\nyanengine\x64\releasenyan\script.obj
x:\nyanengine\nyanengine\x64\releasenyan\engine.obj
x:\nyanengine\nyanengine\x64\releasenyan\soundmanager.obj
x:\nyanengine\nyanengine\x64\releasenyan\3dcamera.obj
x:\nyanengine\nyanengine\x64\releasenyan\scene.obj
x:\nyanengine\nyanengine\x64\releasenyan\camera.obj
x:\nyanengine\nyanengine\x64\releasenyan\console.obj
x:\nyanengine\nyanengine\x64\releasenyan\scriptrender.obj
x:\nyanengine\nyanengine\x64\releasenyan\allocator.obj
x:\nyanengine\nyanengine\x64\releasenyan\render.obj
x:\nyanengine\nyanengine\x64\releasenyan\enginefunctions_lua.obj
x:\nyanengine\nyanengine\x64\releasenyan\rendervulkan.obj
x:\nyanengine\nyanengine\x64\releasenyan\vc141.pdb
x:\nyanengine\nyanengine\x64\releasenyan\nyanengine.tlog\cl.command.1.tlog
x:\nyanengine\nyanengine\x64\releasenyan\nyanengine.tlog\cl.read.1.tlog
x:\nyanengine\nyanengine\x64\releasenyan\nyanengine.tlog\cl.write.1.tlog
x:\nyanengine\nyanengine\x64\releasenyan\nyanengine.tlog\link.command.1.tlog
x:\nyanengine\nyanengine\x64\releasenyan\nyanengine.tlog\link.read.1.tlog
x:\nyanengine\nyanengine\x64\releasenyan\nyanengine.tlog\link.write.1.tlog
