x:\nyanengine\nyanengine\x64\release\console.obj
x:\nyanengine\nyanengine\x64\release\scriptrender.obj
x:\nyanengine\nyanengine\x64\release\enginefunctions_lua.obj
x:\nyanengine\nyanengine\x64\release\rendervulkan.obj
x:\nyanengine\nyanengine\x64\release\3dcamera.obj
x:\nyanengine\nyanengine\x64\release\scene.obj
x:\nyanengine\nyanengine\x64\release\dialog.obj
x:\nyanengine\nyanengine\x64\release\parser.obj
x:\nyanengine\nyanengine\x64\release\enginefunctions.obj
x:\nyanengine\nyanengine\x64\release\threadmanager.obj
x:\nyanengine\nyanengine\x64\release\camera.obj
x:\nyanengine\nyanengine\x64\release\companion.obj
x:\nyanengine\nyanengine\x64\release\errorlogger.obj
x:\nyanengine\nyanengine\x64\release\script.obj
x:\nyanengine\nyanengine\x64\release\allocator.obj
x:\nyanengine\nyanengine\x64\release\render.obj
x:\nyanengine\nyanengine\x64\release\engine.obj
x:\nyanengine\nyanengine\x64\release\soundmanager.obj
x:\nyanengine\nyanengine\x64\release\vc141.pdb
x:\nyanengine\nyanengine\x64\release\nyanengine.tlog\cl.command.1.tlog
x:\nyanengine\nyanengine\x64\release\nyanengine.tlog\cl.read.1.tlog
x:\nyanengine\nyanengine\x64\release\nyanengine.tlog\cl.write.1.tlog
x:\nyanengine\nyanengine\x64\release\nyanengine.tlog\link.command.1.tlog
x:\nyanengine\nyanengine\x64\release\nyanengine.tlog\link.read.1.tlog
x:\nyanengine\nyanengine\x64\release\nyanengine.tlog\link.write.1.tlog
