Console.obj : warning LNK4006: "void __cdecl DestroyDebugReportCallbackEXT(struct VkInstance_T *,struct VkDebugReportCallbackEXT_T *,struct VkAllocationCallbacks const *)" (?DestroyDebugReportCallbackEXT@@YAXPEAUVkInstance_T@@PEAUVkDebugReportCallbackEXT_T@@PEBUVkAllocationCallbacks@@@Z) already defined in 3DCamera.obj; second definition ignored
Console.obj : warning LNK4006: "enum VkResult __cdecl CreateDebugReportCallbackEXT(struct VkInstance_T *,struct VkDebugReportCallbackCreateInfoEXT const *,struct VkAllocationCallbacks const *,struct VkDebugReportCallbackEXT_T * *)" (?CreateDebugReportCallbackEXT@@YA?AW4VkResult@@PEAUVkInstance_T@@PEBUVkDebugReportCallbackCreateInfoEXT@@PEBUVkAllocationCallbacks@@PEAPEAUVkDebugReportCallbackEXT_T@@@Z) already defined in 3DCamera.obj; second definition ignored
Console.obj : warning LNK4006: "bool __cdecl tinyobj::LoadObjWithCallback(class std::basic_istream<char,struct std::char_traits<char> > &,struct tinyobj::callback_t_ const &,void *,class tinyobj::MaterialReader *,class std::basic_string<char,struct std::char_traits<char>,class std::allocator<char> > *)" (?LoadObjWithCallback@tinyobj@@YA_NAEAV?$basic_istream@DU?$char_traits@D@std@@@std@@AEBUcallback_t_@1@PEAXPEAVMaterialReader@1@PEAV?$basic_string@DU?$char_traits@D@std@@V?$allocator@D@2@@3@@Z) already defined in 3DCamera.obj; second definition ignored
Console.obj : warning LNK4006: "bool __cdecl tinyobj::LoadObj(struct tinyobj::attrib_t *,class std::vector<struct tinyobj::shape_t,class std::allocator<struct tinyobj::shape_t> > *,class std::vector<struct tinyobj::material_t,class std::allocator<struct tinyobj::material_t> > *,class std::basic_string<char,struct std::char_traits<char>,class std::allocator<char> > *,class std::basic_istream<char,struct std::char_traits<char> > *,class tinyobj::MaterialReader *,bool)" (?LoadObj@tinyobj@@YA_NPEAUattrib_t@1@PEAV?$vector@Ushape_t@tinyobj@@V?$allocator@Ushape_t@tinyobj@@@std@@@std@@PEAV?$vector@Umaterial_t@tinyobj@@V?$allocator@Umaterial_t@tinyobj@@@std@@@4@PEAV?$basic_string@DU?$char_traits@D@std@@V?$allocator@D@2@@4@PEAV?$basic_istream@DU?$char_traits@D@std@@@4@PEAVMaterialReader@1@_N@Z) already defined in 3DCamera.obj; second definition ignored
Console.obj : warning LNK4006: "bool __cdecl tinyobj::LoadObj(struct tinyobj::attrib_t *,class std::vector<struct tinyobj::shape_t,class std::allocator<struct tinyobj::shape_t> > *,class std::vector<struct tinyobj::material_t,class std::allocator<struct tinyobj::material_t> > *,class std::basic_string<char,struct std::char_traits<char>,class std::allocator<char> > *,char const *,char const *,bool)" (?LoadObj@tinyobj@@YA_NPEAUattrib_t@1@PEAV?$vector@Ushape_t@tinyobj@@V?$allocator@Ushape_t@tinyobj@@@std@@@std@@PEAV?$vector@Umaterial_t@tinyobj@@V?$allocator@Umaterial_t@tinyobj@@@std@@@4@PEAV?$basic_string@DU?$char_traits@D@std@@V?$allocator@D@2@@4@PEBD4_N@Z) already defined in 3DCamera.obj; second definition ignored
Console.obj : warning LNK4006: "public: virtual bool __cdecl tinyobj::MaterialStreamReader::operator()(class std::basic_string<char,struct std::char_traits<char>,class std::allocator<char> > const &,class std::vector<struct tinyobj::material_t,class std::allocator<struct tinyobj::material_t> > *,class std::map<class std::basic_string<char,struct std::char_traits<char>,class std::allocator<char> >,int,struct std::less<class std::basic_string<char,struct std::char_traits<char>,class std::allocator<char> > >,class std::allocator<struct std::pair<class std::basic_string<char,struct std::char_traits<char>,class std::allocator<char> > const ,int> > > *,class std::basic_string<char,struct std::char_traits<char>,class std::allocator<char> > *)" (??RMaterialStreamReader@tinyobj@@UEAA_NAEBV?$basic_string@DU?$char_traits@D@std@@V?$allocator@D@2@@std@@PEAV?$vector@Umaterial_t@tinyobj@@V?$allocator@Umaterial_t@tinyobj@@@std@@@3@PEAV?$map@V?$basic_string@DU?$char_traits@D@std@@V?$allocator@D@2@@std@@HU?$less@V?$basic_string@DU?$char_traits@D@std@@V?$allocator@D@2@@std@@@2@V?$allocator@U?$pair@$$CBV?$basic_string@DU?$char_traits@D@std@@V?$allocator@D@2@@std@@H@std@@@2@@3@PEAV23@@Z) already defined in 3DCamera.obj; second definition ignored
Console.obj : warning LNK4006: "public: virtual bool __cdecl tinyobj::MaterialFileReader::operator()(class std::basic_string<char,struct std::char_traits<char>,class std::allocator<char> > const &,class std::vector<struct tinyobj::material_t,class std::allocator<struct tinyobj::material_t> > *,class std::map<class std::basic_string<char,struct std::char_traits<char>,class std::allocator<char> >,int,struct std::less<class std::basic_string<char,struct std::char_traits<char>,class std::allocator<char> > >,class std::allocator<struct std::pair<class std::basic_string<char,struct std::char_traits<char>,class std::allocator<char> > const ,int> > > *,class std::basic_string<char,struct std::char_traits<char>,class std::allocator<char> > *)" (??RMaterialFileReader@tinyobj@@UEAA_NAEBV?$basic_string@DU?$char_traits@D@std@@V?$allocator@D@2@@std@@PEAV?$vector@Umaterial_t@tinyobj@@V?$allocator@Umaterial_t@tinyobj@@@std@@@3@PEAV?$map@V?$basic_string@DU?$char_traits@D@std@@V?$allocator@D@2@@std@@HU?$less@V?$basic_string@DU?$char_traits@D@std@@V?$allocator@D@2@@std@@@2@V?$allocator@U?$pair@$$CBV?$basic_string@DU?$char_traits@D@std@@V?$allocator@D@2@@std@@H@std@@@2@@3@PEAV23@@Z) already defined in 3DCamera.obj; second definition ignored
Console.obj : warning LNK4006: "void __cdecl tinyobj::LoadMtl(class std::map<class std::basic_string<char,struct std::char_traits<char>,class std::allocator<char> >,int,struct std::less<class std::basic_string<char,struct std::char_traits<char>,class std::allocator<char> > >,class std::allocator<struct std::pair<class std::basic_string<char,struct std::char_traits<char>,class std::allocator<char> > const ,int> > > *,class std::vector<struct tinyobj::material_t,class std::allocator<struct tinyobj::material_t> > *,class std::basic_istream<char,struct std::char_traits<char> > *,class std::basic_string<char,struct std::char_traits<char>,class std::allocator<char> > *)" (?LoadMtl@tinyobj@@YAXPEAV?$map@V?$basic_string@DU?$char_traits@D@std@@V?$allocator@D@2@@std@@HU?$less@V?$basic_string@DU?$char_traits@D@std@@V?$allocator@D@2@@std@@@2@V?$allocator@U?$pair@$$CBV?$basic_string@DU?$char_traits@D@std@@V?$allocator@D@2@@std@@H@std@@@2@@std@@PEAV?$vector@Umaterial_t@tinyobj@@V?$allocator@Umaterial_t@tinyobj@@@std@@@3@PEAV?$basic_istream@DU?$char_traits@D@std@@@3@PEAV?$basic_string@DU?$char_traits@D@std@@V?$allocator@D@2@@3@@Z) already defined in 3DCamera.obj; second definition ignored
Console.obj : warning LNK4006: "public: virtual __cdecl tinyobj::MaterialReader::~MaterialReader(void)" (??1MaterialReader@tinyobj@@UEAA@XZ) already defined in 3DCamera.obj; second definition ignored
Console.obj : warning LNK4006: stbi_is_16_bit_from_callbacks already defined in 3DCamera.obj; second definition ignored
Console.obj : warning LNK4006: stbi_is_16_bit_from_memory already defined in 3DCamera.obj; second definition ignored
Console.obj : warning LNK4006: stbi_info_from_callbacks already defined in 3DCamera.obj; second definition ignored
Console.obj : warning LNK4006: stbi_info_from_memory already defined in 3DCamera.obj; second definition ignored
Console.obj : warning LNK4006: stbi_is_16_bit_from_file already defined in 3DCamera.obj; second definition ignored
Console.obj : warning LNK4006: stbi_is_16_bit already defined in 3DCamera.obj; second definition ignored
Console.obj : warning LNK4006: stbi_info_from_file already defined in 3DCamera.obj; second definition ignored
Console.obj : warning LNK4006: stbi_info already defined in 3DCamera.obj; second definition ignored
Console.obj : warning LNK4006: stbi_convert_iphone_png_to_rgb already defined in 3DCamera.obj; second definition ignored
Console.obj : warning LNK4006: stbi_set_unpremultiply_on_load already defined in 3DCamera.obj; second definition ignored
Console.obj : warning LNK4006: stbi_zlib_decode_noheader_buffer already defined in 3DCamera.obj; second definition ignored
Console.obj : warning LNK4006: stbi_zlib_decode_noheader_malloc already defined in 3DCamera.obj; second definition ignored
Console.obj : warning LNK4006: stbi_zlib_decode_buffer already defined in 3DCamera.obj; second definition ignored
Console.obj : warning LNK4006: stbi_zlib_decode_malloc_guesssize_headerflag already defined in 3DCamera.obj; second definition ignored
Console.obj : warning LNK4006: stbi_zlib_decode_malloc already defined in 3DCamera.obj; second definition ignored
Console.obj : warning LNK4006: stbi_zlib_decode_malloc_guesssize already defined in 3DCamera.obj; second definition ignored
Console.obj : warning LNK4006: stbi_hdr_to_ldr_scale already defined in 3DCamera.obj; second definition ignored
Console.obj : warning LNK4006: stbi_hdr_to_ldr_gamma already defined in 3DCamera.obj; second definition ignored
Console.obj : warning LNK4006: stbi_ldr_to_hdr_scale already defined in 3DCamera.obj; second definition ignored
Console.obj : warning LNK4006: stbi_ldr_to_hdr_gamma already defined in 3DCamera.obj; second definition ignored
Console.obj : warning LNK4006: stbi_is_hdr_from_callbacks already defined in 3DCamera.obj; second definition ignored
Console.obj : warning LNK4006: stbi_is_hdr_from_file already defined in 3DCamera.obj; second definition ignored
Console.obj : warning LNK4006: stbi_is_hdr already defined in 3DCamera.obj; second definition ignored
Console.obj : warning LNK4006: stbi_is_hdr_from_memory already defined in 3DCamera.obj; second definition ignored
Console.obj : warning LNK4006: stbi_loadf_from_file already defined in 3DCamera.obj; second definition ignored
Console.obj : warning LNK4006: stbi_loadf already defined in 3DCamera.obj; second definition ignored
Console.obj : warning LNK4006: stbi_loadf_from_callbacks already defined in 3DCamera.obj; second definition ignored
Console.obj : warning LNK4006: stbi_loadf_from_memory already defined in 3DCamera.obj; second definition ignored
Console.obj : warning LNK4006: stbi_load_gif_from_memory already defined in 3DCamera.obj; second definition ignored
Console.obj : warning LNK4006: stbi_load_from_callbacks already defined in 3DCamera.obj; second definition ignored
Console.obj : warning LNK4006: stbi_load_from_memory already defined in 3DCamera.obj; second definition ignored
Console.obj : warning LNK4006: stbi_load_16_from_callbacks already defined in 3DCamera.obj; second definition ignored
Console.obj : warning LNK4006: stbi_load_16_from_memory already defined in 3DCamera.obj; second definition ignored
Console.obj : warning LNK4006: stbi_load_16 already defined in 3DCamera.obj; second definition ignored
Console.obj : warning LNK4006: stbi_load_from_file_16 already defined in 3DCamera.obj; second definition ignored
Console.obj : warning LNK4006: stbi_load_from_file already defined in 3DCamera.obj; second definition ignored
Console.obj : warning LNK4006: stbi_load already defined in 3DCamera.obj; second definition ignored
Console.obj : warning LNK4006: stbi_set_flip_vertically_on_load already defined in 3DCamera.obj; second definition ignored
Console.obj : warning LNK4006: stbi_image_free already defined in 3DCamera.obj; second definition ignored
Console.obj : warning LNK4006: stbi_failure_reason already defined in 3DCamera.obj; second definition ignored
Engine.obj : warning LNK4006: "bool Core::criticalError" (?criticalError@Core@@3_NA) already defined in Allocator.obj; second definition ignored
Engine.obj : warning LNK4006: "bool Core::vulkanmode" (?vulkanmode@Core@@3_NA) already defined in Allocator.obj; second definition ignored
Engine.obj : warning LNK4006: "bool Core::debugmode" (?debugmode@Core@@3_NA) already defined in Allocator.obj; second definition ignored
Engine.obj : warning LNK4006: "bool Core::benchmode" (?benchmode@Core@@3_NA) already defined in Allocator.obj; second definition ignored
Engine.obj : warning LNK4006: "void __cdecl DestroyDebugReportCallbackEXT(struct VkInstance_T *,struct VkDebugReportCallbackEXT_T *,struct VkAllocationCallbacks const *)" (?DestroyDebugReportCallbackEXT@@YAXPEAUVkInstance_T@@PEAUVkDebugReportCallbackEXT_T@@PEBUVkAllocationCallbacks@@@Z) already defined in 3DCamera.obj; second definition ignored
Engine.obj : warning LNK4006: "enum VkResult __cdecl CreateDebugReportCallbackEXT(struct VkInstance_T *,struct VkDebugReportCallbackCreateInfoEXT const *,struct VkAllocationCallbacks const *,struct VkDebugReportCallbackEXT_T * *)" (?CreateDebugReportCallbackEXT@@YA?AW4VkResult@@PEAUVkInstance_T@@PEBUVkDebugReportCallbackCreateInfoEXT@@PEBUVkAllocationCallbacks@@PEAPEAUVkDebugReportCallbackEXT_T@@@Z) already defined in 3DCamera.obj; second definition ignored
Engine.obj : warning LNK4006: "bool __cdecl tinyobj::LoadObjWithCallback(class std::basic_istream<char,struct std::char_traits<char> > &,struct tinyobj::callback_t_ const &,void *,class tinyobj::MaterialReader *,class std::basic_string<char,struct std::char_traits<char>,class std::allocator<char> > *)" (?LoadObjWithCallback@tinyobj@@YA_NAEAV?$basic_istream@DU?$char_traits@D@std@@@std@@AEBUcallback_t_@1@PEAXPEAVMaterialReader@1@PEAV?$basic_string@DU?$char_traits@D@std@@V?$allocator@D@2@@3@@Z) already defined in 3DCamera.obj; second definition ignored
Engine.obj : warning LNK4006: "bool __cdecl tinyobj::LoadObj(struct tinyobj::attrib_t *,class std::vector<struct tinyobj::shape_t,class std::allocator<struct tinyobj::shape_t> > *,class std::vector<struct tinyobj::material_t,class std::allocator<struct tinyobj::material_t> > *,class std::basic_string<char,struct std::char_traits<char>,class std::allocator<char> > *,class std::basic_istream<char,struct std::char_traits<char> > *,class tinyobj::MaterialReader *,bool)" (?LoadObj@tinyobj@@YA_NPEAUattrib_t@1@PEAV?$vector@Ushape_t@tinyobj@@V?$allocator@Ushape_t@tinyobj@@@std@@@std@@PEAV?$vector@Umaterial_t@tinyobj@@V?$allocator@Umaterial_t@tinyobj@@@std@@@4@PEAV?$basic_string@DU?$char_traits@D@std@@V?$allocator@D@2@@4@PEAV?$basic_istream@DU?$char_traits@D@std@@@4@PEAVMaterialReader@1@_N@Z) already defined in 3DCamera.obj; second definition ignored
Engine.obj : warning LNK4006: "bool __cdecl tinyobj::LoadObj(struct tinyobj::attrib_t *,class std::vector<struct tinyobj::shape_t,class std::allocator<struct tinyobj::shape_t> > *,class std::vector<struct tinyobj::material_t,class std::allocator<struct tinyobj::material_t> > *,class std::basic_string<char,struct std::char_traits<char>,class std::allocator<char> > *,char const *,char const *,bool)" (?LoadObj@tinyobj@@YA_NPEAUattrib_t@1@PEAV?$vector@Ushape_t@tinyobj@@V?$allocator@Ushape_t@tinyobj@@@std@@@std@@PEAV?$vector@Umaterial_t@tinyobj@@V?$allocator@Umaterial_t@tinyobj@@@std@@@4@PEAV?$basic_string@DU?$char_traits@D@std@@V?$allocator@D@2@@4@PEBD4_N@Z) already defined in 3DCamera.obj; second definition ignored
Engine.obj : warning LNK4006: "public: virtual bool __cdecl tinyobj::MaterialStreamReader::operator()(class std::basic_string<char,struct std::char_traits<char>,class std::allocator<char> > const &,class std::vector<struct tinyobj::material_t,class std::allocator<struct tinyobj::material_t> > *,class std::map<class std::basic_string<char,struct std::char_traits<char>,class std::allocator<char> >,int,struct std::less<class std::basic_string<char,struct std::char_traits<char>,class std::allocator<char> > >,class std::allocator<struct std::pair<class std::basic_string<char,struct std::char_traits<char>,class std::allocator<char> > const ,int> > > *,class std::basic_string<char,struct std::char_traits<char>,class std::allocator<char> > *)" (??RMaterialStreamReader@tinyobj@@UEAA_NAEBV?$basic_string@DU?$char_traits@D@std@@V?$allocator@D@2@@std@@PEAV?$vector@Umaterial_t@tinyobj@@V?$allocator@Umaterial_t@tinyobj@@@std@@@3@PEAV?$map@V?$basic_string@DU?$char_traits@D@std@@V?$allocator@D@2@@std@@HU?$less@V?$basic_string@DU?$char_traits@D@std@@V?$allocator@D@2@@std@@@2@V?$allocator@U?$pair@$$CBV?$basic_string@DU?$char_traits@D@std@@V?$allocator@D@2@@std@@H@std@@@2@@3@PEAV23@@Z) already defined in 3DCamera.obj; second definition ignored
Engine.obj : warning LNK4006: "public: virtual bool __cdecl tinyobj::MaterialFileReader::operator()(class std::basic_string<char,struct std::char_traits<char>,class std::allocator<char> > const &,class std::vector<struct tinyobj::material_t,class std::allocator<struct tinyobj::material_t> > *,class std::map<class std::basic_string<char,struct std::char_traits<char>,class std::allocator<char> >,int,struct std::less<class std::basic_string<char,struct std::char_traits<char>,class std::allocator<char> > >,class std::allocator<struct std::pair<class std::basic_string<char,struct std::char_traits<char>,class std::allocator<char> > const ,int> > > *,class std::basic_string<char,struct std::char_traits<char>,class std::allocator<char> > *)" (??RMaterialFileReader@tinyobj@@UEAA_NAEBV?$basic_string@DU?$char_traits@D@std@@V?$allocator@D@2@@std@@PEAV?$vector@Umaterial_t@tinyobj@@V?$allocator@Umaterial_t@tinyobj@@@std@@@3@PEAV?$map@V?$basic_string@DU?$char_traits@D@std@@V?$allocator@D@2@@std@@HU?$less@V?$basic_string@DU?$char_traits@D@std@@V?$allocator@D@2@@std@@@2@V?$allocator@U?$pair@$$CBV?$basic_string@DU?$char_traits@D@std@@V?$allocator@D@2@@std@@H@std@@@2@@3@PEAV23@@Z) already defined in 3DCamera.obj; second definition ignored
Engine.obj : warning LNK4006: "void __cdecl tinyobj::LoadMtl(class std::map<class std::basic_string<char,struct std::char_traits<char>,class std::allocator<char> >,int,struct std::less<class std::basic_string<char,struct std::char_traits<char>,class std::allocator<char> > >,class std::allocator<struct std::pair<class std::basic_string<char,struct std::char_traits<char>,class std::allocator<char> > const ,int> > > *,class std::vector<struct tinyobj::material_t,class std::allocator<struct tinyobj::material_t> > *,class std::basic_istream<char,struct std::char_traits<char> > *,class std::basic_string<char,struct std::char_traits<char>,class std::allocator<char> > *)" (?LoadMtl@tinyobj@@YAXPEAV?$map@V?$basic_string@DU?$char_traits@D@std@@V?$allocator@D@2@@std@@HU?$less@V?$basic_string@DU?$char_traits@D@std@@V?$allocator@D@2@@std@@@2@V?$allocator@U?$pair@$$CBV?$basic_string@DU?$char_traits@D@std@@V?$allocator@D@2@@std@@H@std@@@2@@std@@PEAV?$vector@Umaterial_t@tinyobj@@V?$allocator@Umaterial_t@tinyobj@@@std@@@3@PEAV?$basic_istream@DU?$char_traits@D@std@@@3@PEAV?$basic_string@DU?$char_traits@D@std@@V?$allocator@D@2@@3@@Z) already defined in 3DCamera.obj; second definition ignored
Engine.obj : warning LNK4006: "public: virtual __cdecl tinyobj::MaterialReader::~MaterialReader(void)" (??1MaterialReader@tinyobj@@UEAA@XZ) already defined in 3DCamera.obj; second definition ignored
Engine.obj : warning LNK4006: stbi_is_16_bit_from_callbacks already defined in 3DCamera.obj; second definition ignored
Engine.obj : warning LNK4006: stbi_is_16_bit_from_memory already defined in 3DCamera.obj; second definition ignored
Engine.obj : warning LNK4006: stbi_info_from_callbacks already defined in 3DCamera.obj; second definition ignored
Engine.obj : warning LNK4006: stbi_info_from_memory already defined in 3DCamera.obj; second definition ignored
Engine.obj : warning LNK4006: stbi_is_16_bit_from_file already defined in 3DCamera.obj; second definition ignored
Engine.obj : warning LNK4006: stbi_is_16_bit already defined in 3DCamera.obj; second definition ignored
Engine.obj : warning LNK4006: stbi_info_from_file already defined in 3DCamera.obj; second definition ignored
Engine.obj : warning LNK4006: stbi_info already defined in 3DCamera.obj; second definition ignored
Engine.obj : warning LNK4006: stbi_convert_iphone_png_to_rgb already defined in 3DCamera.obj; second definition ignored
Engine.obj : warning LNK4006: stbi_set_unpremultiply_on_load already defined in 3DCamera.obj; second definition ignored
Engine.obj : warning LNK4006: stbi_zlib_decode_noheader_buffer already defined in 3DCamera.obj; second definition ignored
Engine.obj : warning LNK4006: stbi_zlib_decode_noheader_malloc already defined in 3DCamera.obj; second definition ignored
Engine.obj : warning LNK4006: stbi_zlib_decode_buffer already defined in 3DCamera.obj; second definition ignored
Engine.obj : warning LNK4006: stbi_zlib_decode_malloc_guesssize_headerflag already defined in 3DCamera.obj; second definition ignored
Engine.obj : warning LNK4006: stbi_zlib_decode_malloc already defined in 3DCamera.obj; second definition ignored
Engine.obj : warning LNK4006: stbi_zlib_decode_malloc_guesssize already defined in 3DCamera.obj; second definition ignored
Engine.obj : warning LNK4006: stbi_hdr_to_ldr_scale already defined in 3DCamera.obj; second definition ignored
Engine.obj : warning LNK4006: stbi_hdr_to_ldr_gamma already defined in 3DCamera.obj; second definition ignored
Engine.obj : warning LNK4006: stbi_ldr_to_hdr_scale already defined in 3DCamera.obj; second definition ignored
Engine.obj : warning LNK4006: stbi_ldr_to_hdr_gamma already defined in 3DCamera.obj; second definition ignored
Engine.obj : warning LNK4006: stbi_is_hdr_from_callbacks already defined in 3DCamera.obj; second definition ignored
Engine.obj : warning LNK4006: stbi_is_hdr_from_file already defined in 3DCamera.obj; second definition ignored
Engine.obj : warning LNK4006: stbi_is_hdr already defined in 3DCamera.obj; second definition ignored
Engine.obj : warning LNK4006: stbi_is_hdr_from_memory already defined in 3DCamera.obj; second definition ignored
Engine.obj : warning LNK4006: stbi_loadf_from_file already defined in 3DCamera.obj; second definition ignored
Engine.obj : warning LNK4006: stbi_loadf already defined in 3DCamera.obj; second definition ignored
Engine.obj : warning LNK4006: stbi_loadf_from_callbacks already defined in 3DCamera.obj; second definition ignored
Engine.obj : warning LNK4006: stbi_loadf_from_memory already defined in 3DCamera.obj; second definition ignored
Engine.obj : warning LNK4006: stbi_load_gif_from_memory already defined in 3DCamera.obj; second definition ignored
Engine.obj : warning LNK4006: stbi_load_from_callbacks already defined in 3DCamera.obj; second definition ignored
Engine.obj : warning LNK4006: stbi_load_from_memory already defined in 3DCamera.obj; second definition ignored
Engine.obj : warning LNK4006: stbi_load_16_from_callbacks already defined in 3DCamera.obj; second definition ignored
Engine.obj : warning LNK4006: stbi_load_16_from_memory already defined in 3DCamera.obj; second definition ignored
Engine.obj : warning LNK4006: stbi_load_16 already defined in 3DCamera.obj; second definition ignored
Engine.obj : warning LNK4006: stbi_load_from_file_16 already defined in 3DCamera.obj; second definition ignored
Engine.obj : warning LNK4006: stbi_load_from_file already defined in 3DCamera.obj; second definition ignored
Engine.obj : warning LNK4006: stbi_load already defined in 3DCamera.obj; second definition ignored
Engine.obj : warning LNK4006: stbi_set_flip_vertically_on_load already defined in 3DCamera.obj; second definition ignored
Engine.obj : warning LNK4006: stbi_image_free already defined in 3DCamera.obj; second definition ignored
Engine.obj : warning LNK4006: stbi_failure_reason already defined in 3DCamera.obj; second definition ignored
EngineFunctions.obj : warning LNK4006: "void __cdecl DestroyDebugReportCallbackEXT(struct VkInstance_T *,struct VkDebugReportCallbackEXT_T *,struct VkAllocationCallbacks const *)" (?DestroyDebugReportCallbackEXT@@YAXPEAUVkInstance_T@@PEAUVkDebugReportCallbackEXT_T@@PEBUVkAllocationCallbacks@@@Z) already defined in 3DCamera.obj; second definition ignored
EngineFunctions.obj : warning LNK4006: "enum VkResult __cdecl CreateDebugReportCallbackEXT(struct VkInstance_T *,struct VkDebugReportCallbackCreateInfoEXT const *,struct VkAllocationCallbacks const *,struct VkDebugReportCallbackEXT_T * *)" (?CreateDebugReportCallbackEXT@@YA?AW4VkResult@@PEAUVkInstance_T@@PEBUVkDebugReportCallbackCreateInfoEXT@@PEBUVkAllocationCallbacks@@PEAPEAUVkDebugReportCallbackEXT_T@@@Z) already defined in 3DCamera.obj; second definition ignored
EngineFunctions.obj : warning LNK4006: "bool __cdecl tinyobj::LoadObjWithCallback(class std::basic_istream<char,struct std::char_traits<char> > &,struct tinyobj::callback_t_ const &,void *,class tinyobj::MaterialReader *,class std::basic_string<char,struct std::char_traits<char>,class std::allocator<char> > *)" (?LoadObjWithCallback@tinyobj@@YA_NAEAV?$basic_istream@DU?$char_traits@D@std@@@std@@AEBUcallback_t_@1@PEAXPEAVMaterialReader@1@PEAV?$basic_string@DU?$char_traits@D@std@@V?$allocator@D@2@@3@@Z) already defined in 3DCamera.obj; second definition ignored
EngineFunctions.obj : warning LNK4006: "bool __cdecl tinyobj::LoadObj(struct tinyobj::attrib_t *,class std::vector<struct tinyobj::shape_t,class std::allocator<struct tinyobj::shape_t> > *,class std::vector<struct tinyobj::material_t,class std::allocator<struct tinyobj::material_t> > *,class std::basic_string<char,struct std::char_traits<char>,class std::allocator<char> > *,class std::basic_istream<char,struct std::char_traits<char> > *,class tinyobj::MaterialReader *,bool)" (?LoadObj@tinyobj@@YA_NPEAUattrib_t@1@PEAV?$vector@Ushape_t@tinyobj@@V?$allocator@Ushape_t@tinyobj@@@std@@@std@@PEAV?$vector@Umaterial_t@tinyobj@@V?$allocator@Umaterial_t@tinyobj@@@std@@@4@PEAV?$basic_string@DU?$char_traits@D@std@@V?$allocator@D@2@@4@PEAV?$basic_istream@DU?$char_traits@D@std@@@4@PEAVMaterialReader@1@_N@Z) already defined in 3DCamera.obj; second definition ignored
EngineFunctions.obj : warning LNK4006: "bool __cdecl tinyobj::LoadObj(struct tinyobj::attrib_t *,class std::vector<struct tinyobj::shape_t,class std::allocator<struct tinyobj::shape_t> > *,class std::vector<struct tinyobj::material_t,class std::allocator<struct tinyobj::material_t> > *,class std::basic_string<char,struct std::char_traits<char>,class std::allocator<char> > *,char const *,char const *,bool)" (?LoadObj@tinyobj@@YA_NPEAUattrib_t@1@PEAV?$vector@Ushape_t@tinyobj@@V?$allocator@Ushape_t@tinyobj@@@std@@@std@@PEAV?$vector@Umaterial_t@tinyobj@@V?$allocator@Umaterial_t@tinyobj@@@std@@@4@PEAV?$basic_string@DU?$char_traits@D@std@@V?$allocator@D@2@@4@PEBD4_N@Z) already defined in 3DCamera.obj; second definition ignored
EngineFunctions.obj : warning LNK4006: "public: virtual bool __cdecl tinyobj::MaterialStreamReader::operator()(class std::basic_string<char,struct std::char_traits<char>,class std::allocator<char> > const &,class std::vector<struct tinyobj::material_t,class std::allocator<struct tinyobj::material_t> > *,class std::map<class std::basic_string<char,struct std::char_traits<char>,class std::allocator<char> >,int,struct std::less<class std::basic_string<char,struct std::char_traits<char>,class std::allocator<char> > >,class std::allocator<struct std::pair<class std::basic_string<char,struct std::char_traits<char>,class std::allocator<char> > const ,int> > > *,class std::basic_string<char,struct std::char_traits<char>,class std::allocator<char> > *)" (??RMaterialStreamReader@tinyobj@@UEAA_NAEBV?$basic_string@DU?$char_traits@D@std@@V?$allocator@D@2@@std@@PEAV?$vector@Umaterial_t@tinyobj@@V?$allocator@Umaterial_t@tinyobj@@@std@@@3@PEAV?$map@V?$basic_string@DU?$char_traits@D@std@@V?$allocator@D@2@@std@@HU?$less@V?$basic_string@DU?$char_traits@D@std@@V?$allocator@D@2@@std@@@2@V?$allocator@U?$pair@$$CBV?$basic_string@DU?$char_traits@D@std@@V?$allocator@D@2@@std@@H@std@@@2@@3@PEAV23@@Z) already defined in 3DCamera.obj; second definition ignored
EngineFunctions.obj : warning LNK4006: "public: virtual bool __cdecl tinyobj::MaterialFileReader::operator()(class std::basic_string<char,struct std::char_traits<char>,class std::allocator<char> > const &,class std::vector<struct tinyobj::material_t,class std::allocator<struct tinyobj::material_t> > *,class std::map<class std::basic_string<char,struct std::char_traits<char>,class std::allocator<char> >,int,struct std::less<class std::basic_string<char,struct std::char_traits<char>,class std::allocator<char> > >,class std::allocator<struct std::pair<class std::basic_string<char,struct std::char_traits<char>,class std::allocator<char> > const ,int> > > *,class std::basic_string<char,struct std::char_traits<char>,class std::allocator<char> > *)" (??RMaterialFileReader@tinyobj@@UEAA_NAEBV?$basic_string@DU?$char_traits@D@std@@V?$allocator@D@2@@std@@PEAV?$vector@Umaterial_t@tinyobj@@V?$allocator@Umaterial_t@tinyobj@@@std@@@3@PEAV?$map@V?$basic_string@DU?$char_traits@D@std@@V?$allocator@D@2@@std@@HU?$less@V?$basic_string@DU?$char_traits@D@std@@V?$allocator@D@2@@std@@@2@V?$allocator@U?$pair@$$CBV?$basic_string@DU?$char_traits@D@std@@V?$allocator@D@2@@std@@H@std@@@2@@3@PEAV23@@Z) already defined in 3DCamera.obj; second definition ignored
EngineFunctions.obj : warning LNK4006: "void __cdecl tinyobj::LoadMtl(class std::map<class std::basic_string<char,struct std::char_traits<char>,class std::allocator<char> >,int,struct std::less<class std::basic_string<char,struct std::char_traits<char>,class std::allocator<char> > >,class std::allocator<struct std::pair<class std::basic_string<char,struct std::char_traits<char>,class std::allocator<char> > const ,int> > > *,class std::vector<struct tinyobj::material_t,class std::allocator<struct tinyobj::material_t> > *,class std::basic_istream<char,struct std::char_traits<char> > *,class std::basic_string<char,struct std::char_traits<char>,class std::allocator<char> > *)" (?LoadMtl@tinyobj@@YAXPEAV?$map@V?$basic_string@DU?$char_traits@D@std@@V?$allocator@D@2@@std@@HU?$less@V?$basic_string@DU?$char_traits@D@std@@V?$allocator@D@2@@std@@@2@V?$allocator@U?$pair@$$CBV?$basic_string@DU?$char_traits@D@std@@V?$allocator@D@2@@std@@H@std@@@2@@std@@PEAV?$vector@Umaterial_t@tinyobj@@V?$allocator@Umaterial_t@tinyobj@@@std@@@3@PEAV?$basic_istream@DU?$char_traits@D@std@@@3@PEAV?$basic_string@DU?$char_traits@D@std@@V?$allocator@D@2@@3@@Z) already defined in 3DCamera.obj; second definition ignored
EngineFunctions.obj : warning LNK4006: "public: virtual __cdecl tinyobj::MaterialReader::~MaterialReader(void)" (??1MaterialReader@tinyobj@@UEAA@XZ) already defined in 3DCamera.obj; second definition ignored
EngineFunctions.obj : warning LNK4006: stbi_is_16_bit_from_callbacks already defined in 3DCamera.obj; second definition ignored
EngineFunctions.obj : warning LNK4006: stbi_is_16_bit_from_memory already defined in 3DCamera.obj; second definition ignored
EngineFunctions.obj : warning LNK4006: stbi_info_from_callbacks already defined in 3DCamera.obj; second definition ignored
EngineFunctions.obj : warning LNK4006: stbi_info_from_memory already defined in 3DCamera.obj; second definition ignored
EngineFunctions.obj : warning LNK4006: stbi_is_16_bit_from_file already defined in 3DCamera.obj; second definition ignored
EngineFunctions.obj : warning LNK4006: stbi_is_16_bit already defined in 3DCamera.obj; second definition ignored
EngineFunctions.obj : warning LNK4006: stbi_info_from_file already defined in 3DCamera.obj; second definition ignored
EngineFunctions.obj : warning LNK4006: stbi_info already defined in 3DCamera.obj; second definition ignored
EngineFunctions.obj : warning LNK4006: stbi_convert_iphone_png_to_rgb already defined in 3DCamera.obj; second definition ignored
EngineFunctions.obj : warning LNK4006: stbi_set_unpremultiply_on_load already defined in 3DCamera.obj; second definition ignored
EngineFunctions.obj : warning LNK4006: stbi_zlib_decode_noheader_buffer already defined in 3DCamera.obj; second definition ignored
EngineFunctions.obj : warning LNK4006: stbi_zlib_decode_noheader_malloc already defined in 3DCamera.obj; second definition ignored
EngineFunctions.obj : warning LNK4006: stbi_zlib_decode_buffer already defined in 3DCamera.obj; second definition ignored
EngineFunctions.obj : warning LNK4006: stbi_zlib_decode_malloc_guesssize_headerflag already defined in 3DCamera.obj; second definition ignored
EngineFunctions.obj : warning LNK4006: stbi_zlib_decode_malloc already defined in 3DCamera.obj; second definition ignored
EngineFunctions.obj : warning LNK4006: stbi_zlib_decode_malloc_guesssize already defined in 3DCamera.obj; second definition ignored
EngineFunctions.obj : warning LNK4006: stbi_hdr_to_ldr_scale already defined in 3DCamera.obj; second definition ignored
EngineFunctions.obj : warning LNK4006: stbi_hdr_to_ldr_gamma already defined in 3DCamera.obj; second definition ignored
EngineFunctions.obj : warning LNK4006: stbi_ldr_to_hdr_scale already defined in 3DCamera.obj; second definition ignored
EngineFunctions.obj : warning LNK4006: stbi_ldr_to_hdr_gamma already defined in 3DCamera.obj; second definition ignored
EngineFunctions.obj : warning LNK4006: stbi_is_hdr_from_callbacks already defined in 3DCamera.obj; second definition ignored
EngineFunctions.obj : warning LNK4006: stbi_is_hdr_from_file already defined in 3DCamera.obj; second definition ignored
EngineFunctions.obj : warning LNK4006: stbi_is_hdr already defined in 3DCamera.obj; second definition ignored
EngineFunctions.obj : warning LNK4006: stbi_is_hdr_from_memory already defined in 3DCamera.obj; second definition ignored
EngineFunctions.obj : warning LNK4006: stbi_loadf_from_file already defined in 3DCamera.obj; second definition ignored
EngineFunctions.obj : warning LNK4006: stbi_loadf already defined in 3DCamera.obj; second definition ignored
EngineFunctions.obj : warning LNK4006: stbi_loadf_from_callbacks already defined in 3DCamera.obj; second definition ignored
EngineFunctions.obj : warning LNK4006: stbi_loadf_from_memory already defined in 3DCamera.obj; second definition ignored
EngineFunctions.obj : warning LNK4006: stbi_load_gif_from_memory already defined in 3DCamera.obj; second definition ignored
EngineFunctions.obj : warning LNK4006: stbi_load_from_callbacks already defined in 3DCamera.obj; second definition ignored
EngineFunctions.obj : warning LNK4006: stbi_load_from_memory already defined in 3DCamera.obj; second definition ignored
EngineFunctions.obj : warning LNK4006: stbi_load_16_from_callbacks already defined in 3DCamera.obj; second definition ignored
EngineFunctions.obj : warning LNK4006: stbi_load_16_from_memory already defined in 3DCamera.obj; second definition ignored
EngineFunctions.obj : warning LNK4006: stbi_load_16 already defined in 3DCamera.obj; second definition ignored
EngineFunctions.obj : warning LNK4006: stbi_load_from_file_16 already defined in 3DCamera.obj; second definition ignored
EngineFunctions.obj : warning LNK4006: stbi_load_from_file already defined in 3DCamera.obj; second definition ignored
EngineFunctions.obj : warning LNK4006: stbi_load already defined in 3DCamera.obj; second definition ignored
EngineFunctions.obj : warning LNK4006: stbi_set_flip_vertically_on_load already defined in 3DCamera.obj; second definition ignored
EngineFunctions.obj : warning LNK4006: stbi_image_free already defined in 3DCamera.obj; second definition ignored
EngineFunctions.obj : warning LNK4006: stbi_failure_reason already defined in 3DCamera.obj; second definition ignored
Parser.obj : warning LNK4006: "bool Core::criticalError" (?criticalError@Core@@3_NA) already defined in Allocator.obj; second definition ignored
Parser.obj : warning LNK4006: "bool Core::vulkanmode" (?vulkanmode@Core@@3_NA) already defined in Allocator.obj; second definition ignored
Parser.obj : warning LNK4006: "bool Core::debugmode" (?debugmode@Core@@3_NA) already defined in Allocator.obj; second definition ignored
Parser.obj : warning LNK4006: "bool Core::benchmode" (?benchmode@Core@@3_NA) already defined in Allocator.obj; second definition ignored
Parser.obj : warning LNK4006: "void __cdecl DestroyDebugReportCallbackEXT(struct VkInstance_T *,struct VkDebugReportCallbackEXT_T *,struct VkAllocationCallbacks const *)" (?DestroyDebugReportCallbackEXT@@YAXPEAUVkInstance_T@@PEAUVkDebugReportCallbackEXT_T@@PEBUVkAllocationCallbacks@@@Z) already defined in 3DCamera.obj; second definition ignored
Parser.obj : warning LNK4006: "enum VkResult __cdecl CreateDebugReportCallbackEXT(struct VkInstance_T *,struct VkDebugReportCallbackCreateInfoEXT const *,struct VkAllocationCallbacks const *,struct VkDebugReportCallbackEXT_T * *)" (?CreateDebugReportCallbackEXT@@YA?AW4VkResult@@PEAUVkInstance_T@@PEBUVkDebugReportCallbackCreateInfoEXT@@PEBUVkAllocationCallbacks@@PEAPEAUVkDebugReportCallbackEXT_T@@@Z) already defined in 3DCamera.obj; second definition ignored
Parser.obj : warning LNK4006: "bool __cdecl tinyobj::LoadObjWithCallback(class std::basic_istream<char,struct std::char_traits<char> > &,struct tinyobj::callback_t_ const &,void *,class tinyobj::MaterialReader *,class std::basic_string<char,struct std::char_traits<char>,class std::allocator<char> > *)" (?LoadObjWithCallback@tinyobj@@YA_NAEAV?$basic_istream@DU?$char_traits@D@std@@@std@@AEBUcallback_t_@1@PEAXPEAVMaterialReader@1@PEAV?$basic_string@DU?$char_traits@D@std@@V?$allocator@D@2@@3@@Z) already defined in 3DCamera.obj; second definition ignored
Parser.obj : warning LNK4006: "bool __cdecl tinyobj::LoadObj(struct tinyobj::attrib_t *,class std::vector<struct tinyobj::shape_t,class std::allocator<struct tinyobj::shape_t> > *,class std::vector<struct tinyobj::material_t,class std::allocator<struct tinyobj::material_t> > *,class std::basic_string<char,struct std::char_traits<char>,class std::allocator<char> > *,class std::basic_istream<char,struct std::char_traits<char> > *,class tinyobj::MaterialReader *,bool)" (?LoadObj@tinyobj@@YA_NPEAUattrib_t@1@PEAV?$vector@Ushape_t@tinyobj@@V?$allocator@Ushape_t@tinyobj@@@std@@@std@@PEAV?$vector@Umaterial_t@tinyobj@@V?$allocator@Umaterial_t@tinyobj@@@std@@@4@PEAV?$basic_string@DU?$char_traits@D@std@@V?$allocator@D@2@@4@PEAV?$basic_istream@DU?$char_traits@D@std@@@4@PEAVMaterialReader@1@_N@Z) already defined in 3DCamera.obj; second definition ignored
Parser.obj : warning LNK4006: "bool __cdecl tinyobj::LoadObj(struct tinyobj::attrib_t *,class std::vector<struct tinyobj::shape_t,class std::allocator<struct tinyobj::shape_t> > *,class std::vector<struct tinyobj::material_t,class std::allocator<struct tinyobj::material_t> > *,class std::basic_string<char,struct std::char_traits<char>,class std::allocator<char> > *,char const *,char const *,bool)" (?LoadObj@tinyobj@@YA_NPEAUattrib_t@1@PEAV?$vector@Ushape_t@tinyobj@@V?$allocator@Ushape_t@tinyobj@@@std@@@std@@PEAV?$vector@Umaterial_t@tinyobj@@V?$allocator@Umaterial_t@tinyobj@@@std@@@4@PEAV?$basic_string@DU?$char_traits@D@std@@V?$allocator@D@2@@4@PEBD4_N@Z) already defined in 3DCamera.obj; second definition ignored
Parser.obj : warning LNK4006: "public: virtual bool __cdecl tinyobj::MaterialStreamReader::operator()(class std::basic_string<char,struct std::char_traits<char>,class std::allocator<char> > const &,class std::vector<struct tinyobj::material_t,class std::allocator<struct tinyobj::material_t> > *,class std::map<class std::basic_string<char,struct std::char_traits<char>,class std::allocator<char> >,int,struct std::less<class std::basic_string<char,struct std::char_traits<char>,class std::allocator<char> > >,class std::allocator<struct std::pair<class std::basic_string<char,struct std::char_traits<char>,class std::allocator<char> > const ,int> > > *,class std::basic_string<char,struct std::char_traits<char>,class std::allocator<char> > *)" (??RMaterialStreamReader@tinyobj@@UEAA_NAEBV?$basic_string@DU?$char_traits@D@std@@V?$allocator@D@2@@std@@PEAV?$vector@Umaterial_t@tinyobj@@V?$allocator@Umaterial_t@tinyobj@@@std@@@3@PEAV?$map@V?$basic_string@DU?$char_traits@D@std@@V?$allocator@D@2@@std@@HU?$less@V?$basic_string@DU?$char_traits@D@std@@V?$allocator@D@2@@std@@@2@V?$allocator@U?$pair@$$CBV?$basic_string@DU?$char_traits@D@std@@V?$allocator@D@2@@std@@H@std@@@2@@3@PEAV23@@Z) already defined in 3DCamera.obj; second definition ignored
Parser.obj : warning LNK4006: "public: virtual bool __cdecl tinyobj::MaterialFileReader::operator()(class std::basic_string<char,struct std::char_traits<char>,class std::allocator<char> > const &,class std::vector<struct tinyobj::material_t,class std::allocator<struct tinyobj::material_t> > *,class std::map<class std::basic_string<char,struct std::char_traits<char>,class std::allocator<char> >,int,struct std::less<class std::basic_string<char,struct std::char_traits<char>,class std::allocator<char> > >,class std::allocator<struct std::pair<class std::basic_string<char,struct std::char_traits<char>,class std::allocator<char> > const ,int> > > *,class std::basic_string<char,struct std::char_traits<char>,class std::allocator<char> > *)" (??RMaterialFileReader@tinyobj@@UEAA_NAEBV?$basic_string@DU?$char_traits@D@std@@V?$allocator@D@2@@std@@PEAV?$vector@Umaterial_t@tinyobj@@V?$allocator@Umaterial_t@tinyobj@@@std@@@3@PEAV?$map@V?$basic_string@DU?$char_traits@D@std@@V?$allocator@D@2@@std@@HU?$less@V?$basic_string@DU?$char_traits@D@std@@V?$allocator@D@2@@std@@@2@V?$allocator@U?$pair@$$CBV?$basic_string@DU?$char_traits@D@std@@V?$allocator@D@2@@std@@H@std@@@2@@3@PEAV23@@Z) already defined in 3DCamera.obj; second definition ignored
Parser.obj : warning LNK4006: "void __cdecl tinyobj::LoadMtl(class std::map<class std::basic_string<char,struct std::char_traits<char>,class std::allocator<char> >,int,struct std::less<class std::basic_string<char,struct std::char_traits<char>,class std::allocator<char> > >,class std::allocator<struct std::pair<class std::basic_string<char,struct std::char_traits<char>,class std::allocator<char> > const ,int> > > *,class std::vector<struct tinyobj::material_t,class std::allocator<struct tinyobj::material_t> > *,class std::basic_istream<char,struct std::char_traits<char> > *,class std::basic_string<char,struct std::char_traits<char>,class std::allocator<char> > *)" (?LoadMtl@tinyobj@@YAXPEAV?$map@V?$basic_string@DU?$char_traits@D@std@@V?$allocator@D@2@@std@@HU?$less@V?$basic_string@DU?$char_traits@D@std@@V?$allocator@D@2@@std@@@2@V?$allocator@U?$pair@$$CBV?$basic_string@DU?$char_traits@D@std@@V?$allocator@D@2@@std@@H@std@@@2@@std@@PEAV?$vector@Umaterial_t@tinyobj@@V?$allocator@Umaterial_t@tinyobj@@@std@@@3@PEAV?$basic_istream@DU?$char_traits@D@std@@@3@PEAV?$basic_string@DU?$char_traits@D@std@@V?$allocator@D@2@@3@@Z) already defined in 3DCamera.obj; second definition ignored
Parser.obj : warning LNK4006: "public: virtual __cdecl tinyobj::MaterialReader::~MaterialReader(void)" (??1MaterialReader@tinyobj@@UEAA@XZ) already defined in 3DCamera.obj; second definition ignored
Parser.obj : warning LNK4006: stbi_is_16_bit_from_callbacks already defined in 3DCamera.obj; second definition ignored
Parser.obj : warning LNK4006: stbi_is_16_bit_from_memory already defined in 3DCamera.obj; second definition ignored
Parser.obj : warning LNK4006: stbi_info_from_callbacks already defined in 3DCamera.obj; second definition ignored
Parser.obj : warning LNK4006: stbi_info_from_memory already defined in 3DCamera.obj; second definition ignored
Parser.obj : warning LNK4006: stbi_is_16_bit_from_file already defined in 3DCamera.obj; second definition ignored
Parser.obj : warning LNK4006: stbi_is_16_bit already defined in 3DCamera.obj; second definition ignored
Parser.obj : warning LNK4006: stbi_info_from_file already defined in 3DCamera.obj; second definition ignored
Parser.obj : warning LNK4006: stbi_info already defined in 3DCamera.obj; second definition ignored
Parser.obj : warning LNK4006: stbi_convert_iphone_png_to_rgb already defined in 3DCamera.obj; second definition ignored
Parser.obj : warning LNK4006: stbi_set_unpremultiply_on_load already defined in 3DCamera.obj; second definition ignored
Parser.obj : warning LNK4006: stbi_zlib_decode_noheader_buffer already defined in 3DCamera.obj; second definition ignored
Parser.obj : warning LNK4006: stbi_zlib_decode_noheader_malloc already defined in 3DCamera.obj; second definition ignored
Parser.obj : warning LNK4006: stbi_zlib_decode_buffer already defined in 3DCamera.obj; second definition ignored
Parser.obj : warning LNK4006: stbi_zlib_decode_malloc_guesssize_headerflag already defined in 3DCamera.obj; second definition ignored
Parser.obj : warning LNK4006: stbi_zlib_decode_malloc already defined in 3DCamera.obj; second definition ignored
Parser.obj : warning LNK4006: stbi_zlib_decode_malloc_guesssize already defined in 3DCamera.obj; second definition ignored
Parser.obj : warning LNK4006: stbi_hdr_to_ldr_scale already defined in 3DCamera.obj; second definition ignored
Parser.obj : warning LNK4006: stbi_hdr_to_ldr_gamma already defined in 3DCamera.obj; second definition ignored
Parser.obj : warning LNK4006: stbi_ldr_to_hdr_scale already defined in 3DCamera.obj; second definition ignored
Parser.obj : warning LNK4006: stbi_ldr_to_hdr_gamma already defined in 3DCamera.obj; second definition ignored
Parser.obj : warning LNK4006: stbi_is_hdr_from_callbacks already defined in 3DCamera.obj; second definition ignored
Parser.obj : warning LNK4006: stbi_is_hdr_from_file already defined in 3DCamera.obj; second definition ignored
Parser.obj : warning LNK4006: stbi_is_hdr already defined in 3DCamera.obj; second definition ignored
Parser.obj : warning LNK4006: stbi_is_hdr_from_memory already defined in 3DCamera.obj; second definition ignored
Parser.obj : warning LNK4006: stbi_loadf_from_file already defined in 3DCamera.obj; second definition ignored
Parser.obj : warning LNK4006: stbi_loadf already defined in 3DCamera.obj; second definition ignored
Parser.obj : warning LNK4006: stbi_loadf_from_callbacks already defined in 3DCamera.obj; second definition ignored
Parser.obj : warning LNK4006: stbi_loadf_from_memory already defined in 3DCamera.obj; second definition ignored
Parser.obj : warning LNK4006: stbi_load_gif_from_memory already defined in 3DCamera.obj; second definition ignored
Parser.obj : warning LNK4006: stbi_load_from_callbacks already defined in 3DCamera.obj; second definition ignored
Parser.obj : warning LNK4006: stbi_load_from_memory already defined in 3DCamera.obj; second definition ignored
Parser.obj : warning LNK4006: stbi_load_16_from_callbacks already defined in 3DCamera.obj; second definition ignored
Parser.obj : warning LNK4006: stbi_load_16_from_memory already defined in 3DCamera.obj; second definition ignored
Parser.obj : warning LNK4006: stbi_load_16 already defined in 3DCamera.obj; second definition ignored
Parser.obj : warning LNK4006: stbi_load_from_file_16 already defined in 3DCamera.obj; second definition ignored
Parser.obj : warning LNK4006: stbi_load_from_file already defined in 3DCamera.obj; second definition ignored
Parser.obj : warning LNK4006: stbi_load already defined in 3DCamera.obj; second definition ignored
Parser.obj : warning LNK4006: stbi_set_flip_vertically_on_load already defined in 3DCamera.obj; second definition ignored
Parser.obj : warning LNK4006: stbi_image_free already defined in 3DCamera.obj; second definition ignored
Parser.obj : warning LNK4006: stbi_failure_reason already defined in 3DCamera.obj; second definition ignored
Render.obj : warning LNK4006: "bool Core::criticalError" (?criticalError@Core@@3_NA) already defined in Allocator.obj; second definition ignored
Render.obj : warning LNK4006: "bool Core::vulkanmode" (?vulkanmode@Core@@3_NA) already defined in Allocator.obj; second definition ignored
Render.obj : warning LNK4006: "bool Core::debugmode" (?debugmode@Core@@3_NA) already defined in Allocator.obj; second definition ignored
Render.obj : warning LNK4006: "bool Core::benchmode" (?benchmode@Core@@3_NA) already defined in Allocator.obj; second definition ignored
Render.obj : warning LNK4006: "void __cdecl DestroyDebugReportCallbackEXT(struct VkInstance_T *,struct VkDebugReportCallbackEXT_T *,struct VkAllocationCallbacks const *)" (?DestroyDebugReportCallbackEXT@@YAXPEAUVkInstance_T@@PEAUVkDebugReportCallbackEXT_T@@PEBUVkAllocationCallbacks@@@Z) already defined in 3DCamera.obj; second definition ignored
Render.obj : warning LNK4006: "enum VkResult __cdecl CreateDebugReportCallbackEXT(struct VkInstance_T *,struct VkDebugReportCallbackCreateInfoEXT const *,struct VkAllocationCallbacks const *,struct VkDebugReportCallbackEXT_T * *)" (?CreateDebugReportCallbackEXT@@YA?AW4VkResult@@PEAUVkInstance_T@@PEBUVkDebugReportCallbackCreateInfoEXT@@PEBUVkAllocationCallbacks@@PEAPEAUVkDebugReportCallbackEXT_T@@@Z) already defined in 3DCamera.obj; second definition ignored
Render.obj : warning LNK4006: "bool __cdecl tinyobj::LoadObjWithCallback(class std::basic_istream<char,struct std::char_traits<char> > &,struct tinyobj::callback_t_ const &,void *,class tinyobj::MaterialReader *,class std::basic_string<char,struct std::char_traits<char>,class std::allocator<char> > *)" (?LoadObjWithCallback@tinyobj@@YA_NAEAV?$basic_istream@DU?$char_traits@D@std@@@std@@AEBUcallback_t_@1@PEAXPEAVMaterialReader@1@PEAV?$basic_string@DU?$char_traits@D@std@@V?$allocator@D@2@@3@@Z) already defined in 3DCamera.obj; second definition ignored
Render.obj : warning LNK4006: "bool __cdecl tinyobj::LoadObj(struct tinyobj::attrib_t *,class std::vector<struct tinyobj::shape_t,class std::allocator<struct tinyobj::shape_t> > *,class std::vector<struct tinyobj::material_t,class std::allocator<struct tinyobj::material_t> > *,class std::basic_string<char,struct std::char_traits<char>,class std::allocator<char> > *,class std::basic_istream<char,struct std::char_traits<char> > *,class tinyobj::MaterialReader *,bool)" (?LoadObj@tinyobj@@YA_NPEAUattrib_t@1@PEAV?$vector@Ushape_t@tinyobj@@V?$allocator@Ushape_t@tinyobj@@@std@@@std@@PEAV?$vector@Umaterial_t@tinyobj@@V?$allocator@Umaterial_t@tinyobj@@@std@@@4@PEAV?$basic_string@DU?$char_traits@D@std@@V?$allocator@D@2@@4@PEAV?$basic_istream@DU?$char_traits@D@std@@@4@PEAVMaterialReader@1@_N@Z) already defined in 3DCamera.obj; second definition ignored
Render.obj : warning LNK4006: "bool __cdecl tinyobj::LoadObj(struct tinyobj::attrib_t *,class std::vector<struct tinyobj::shape_t,class std::allocator<struct tinyobj::shape_t> > *,class std::vector<struct tinyobj::material_t,class std::allocator<struct tinyobj::material_t> > *,class std::basic_string<char,struct std::char_traits<char>,class std::allocator<char> > *,char const *,char const *,bool)" (?LoadObj@tinyobj@@YA_NPEAUattrib_t@1@PEAV?$vector@Ushape_t@tinyobj@@V?$allocator@Ushape_t@tinyobj@@@std@@@std@@PEAV?$vector@Umaterial_t@tinyobj@@V?$allocator@Umaterial_t@tinyobj@@@std@@@4@PEAV?$basic_string@DU?$char_traits@D@std@@V?$allocator@D@2@@4@PEBD4_N@Z) already defined in 3DCamera.obj; second definition ignored
Render.obj : warning LNK4006: "public: virtual bool __cdecl tinyobj::MaterialStreamReader::operator()(class std::basic_string<char,struct std::char_traits<char>,class std::allocator<char> > const &,class std::vector<struct tinyobj::material_t,class std::allocator<struct tinyobj::material_t> > *,class std::map<class std::basic_string<char,struct std::char_traits<char>,class std::allocator<char> >,int,struct std::less<class std::basic_string<char,struct std::char_traits<char>,class std::allocator<char> > >,class std::allocator<struct std::pair<class std::basic_string<char,struct std::char_traits<char>,class std::allocator<char> > const ,int> > > *,class std::basic_string<char,struct std::char_traits<char>,class std::allocator<char> > *)" (??RMaterialStreamReader@tinyobj@@UEAA_NAEBV?$basic_string@DU?$char_traits@D@std@@V?$allocator@D@2@@std@@PEAV?$vector@Umaterial_t@tinyobj@@V?$allocator@Umaterial_t@tinyobj@@@std@@@3@PEAV?$map@V?$basic_string@DU?$char_traits@D@std@@V?$allocator@D@2@@std@@HU?$less@V?$basic_string@DU?$char_traits@D@std@@V?$allocator@D@2@@std@@@2@V?$allocator@U?$pair@$$CBV?$basic_string@DU?$char_traits@D@std@@V?$allocator@D@2@@std@@H@std@@@2@@3@PEAV23@@Z) already defined in 3DCamera.obj; second definition ignored
Render.obj : warning LNK4006: "public: virtual bool __cdecl tinyobj::MaterialFileReader::operator()(class std::basic_string<char,struct std::char_traits<char>,class std::allocator<char> > const &,class std::vector<struct tinyobj::material_t,class std::allocator<struct tinyobj::material_t> > *,class std::map<class std::basic_string<char,struct std::char_traits<char>,class std::allocator<char> >,int,struct std::less<class std::basic_string<char,struct std::char_traits<char>,class std::allocator<char> > >,class std::allocator<struct std::pair<class std::basic_string<char,struct std::char_traits<char>,class std::allocator<char> > const ,int> > > *,class std::basic_string<char,struct std::char_traits<char>,class std::allocator<char> > *)" (??RMaterialFileReader@tinyobj@@UEAA_NAEBV?$basic_string@DU?$char_traits@D@std@@V?$allocator@D@2@@std@@PEAV?$vector@Umaterial_t@tinyobj@@V?$allocator@Umaterial_t@tinyobj@@@std@@@3@PEAV?$map@V?$basic_string@DU?$char_traits@D@std@@V?$allocator@D@2@@std@@HU?$less@V?$basic_string@DU?$char_traits@D@std@@V?$allocator@D@2@@std@@@2@V?$allocator@U?$pair@$$CBV?$basic_string@DU?$char_traits@D@std@@V?$allocator@D@2@@std@@H@std@@@2@@3@PEAV23@@Z) already defined in 3DCamera.obj; second definition ignored
Render.obj : warning LNK4006: "void __cdecl tinyobj::LoadMtl(class std::map<class std::basic_string<char,struct std::char_traits<char>,class std::allocator<char> >,int,struct std::less<class std::basic_string<char,struct std::char_traits<char>,class std::allocator<char> > >,class std::allocator<struct std::pair<class std::basic_string<char,struct std::char_traits<char>,class std::allocator<char> > const ,int> > > *,class std::vector<struct tinyobj::material_t,class std::allocator<struct tinyobj::material_t> > *,class std::basic_istream<char,struct std::char_traits<char> > *,class std::basic_string<char,struct std::char_traits<char>,class std::allocator<char> > *)" (?LoadMtl@tinyobj@@YAXPEAV?$map@V?$basic_string@DU?$char_traits@D@std@@V?$allocator@D@2@@std@@HU?$less@V?$basic_string@DU?$char_traits@D@std@@V?$allocator@D@2@@std@@@2@V?$allocator@U?$pair@$$CBV?$basic_string@DU?$char_traits@D@std@@V?$allocator@D@2@@std@@H@std@@@2@@std@@PEAV?$vector@Umaterial_t@tinyobj@@V?$allocator@Umaterial_t@tinyobj@@@std@@@3@PEAV?$basic_istream@DU?$char_traits@D@std@@@3@PEAV?$basic_string@DU?$char_traits@D@std@@V?$allocator@D@2@@3@@Z) already defined in 3DCamera.obj; second definition ignored
Render.obj : warning LNK4006: "public: virtual __cdecl tinyobj::MaterialReader::~MaterialReader(void)" (??1MaterialReader@tinyobj@@UEAA@XZ) already defined in 3DCamera.obj; second definition ignored
Render.obj : warning LNK4006: stbi_is_16_bit_from_callbacks already defined in 3DCamera.obj; second definition ignored
Render.obj : warning LNK4006: stbi_is_16_bit_from_memory already defined in 3DCamera.obj; second definition ignored
Render.obj : warning LNK4006: stbi_info_from_callbacks already defined in 3DCamera.obj; second definition ignored
Render.obj : warning LNK4006: stbi_info_from_memory already defined in 3DCamera.obj; second definition ignored
Render.obj : warning LNK4006: stbi_is_16_bit_from_file already defined in 3DCamera.obj; second definition ignored
Render.obj : warning LNK4006: stbi_is_16_bit already defined in 3DCamera.obj; second definition ignored
Render.obj : warning LNK4006: stbi_info_from_file already defined in 3DCamera.obj; second definition ignored
Render.obj : warning LNK4006: stbi_info already defined in 3DCamera.obj; second definition ignored
Render.obj : warning LNK4006: stbi_convert_iphone_png_to_rgb already defined in 3DCamera.obj; second definition ignored
Render.obj : warning LNK4006: stbi_set_unpremultiply_on_load already defined in 3DCamera.obj; second definition ignored
Render.obj : warning LNK4006: stbi_zlib_decode_noheader_buffer already defined in 3DCamera.obj; second definition ignored
Render.obj : warning LNK4006: stbi_zlib_decode_noheader_malloc already defined in 3DCamera.obj; second definition ignored
Render.obj : warning LNK4006: stbi_zlib_decode_buffer already defined in 3DCamera.obj; second definition ignored
Render.obj : warning LNK4006: stbi_zlib_decode_malloc_guesssize_headerflag already defined in 3DCamera.obj; second definition ignored
Render.obj : warning LNK4006: stbi_zlib_decode_malloc already defined in 3DCamera.obj; second definition ignored
Render.obj : warning LNK4006: stbi_zlib_decode_malloc_guesssize already defined in 3DCamera.obj; second definition ignored
Render.obj : warning LNK4006: stbi_hdr_to_ldr_scale already defined in 3DCamera.obj; second definition ignored
Render.obj : warning LNK4006: stbi_hdr_to_ldr_gamma already defined in 3DCamera.obj; second definition ignored
Render.obj : warning LNK4006: stbi_ldr_to_hdr_scale already defined in 3DCamera.obj; second definition ignored
Render.obj : warning LNK4006: stbi_ldr_to_hdr_gamma already defined in 3DCamera.obj; second definition ignored
Render.obj : warning LNK4006: stbi_is_hdr_from_callbacks already defined in 3DCamera.obj; second definition ignored
Render.obj : warning LNK4006: stbi_is_hdr_from_file already defined in 3DCamera.obj; second definition ignored
Render.obj : warning LNK4006: stbi_is_hdr already defined in 3DCamera.obj; second definition ignored
Render.obj : warning LNK4006: stbi_is_hdr_from_memory already defined in 3DCamera.obj; second definition ignored
Render.obj : warning LNK4006: stbi_loadf_from_file already defined in 3DCamera.obj; second definition ignored
Render.obj : warning LNK4006: stbi_loadf already defined in 3DCamera.obj; second definition ignored
Render.obj : warning LNK4006: stbi_loadf_from_callbacks already defined in 3DCamera.obj; second definition ignored
Render.obj : warning LNK4006: stbi_loadf_from_memory already defined in 3DCamera.obj; second definition ignored
Render.obj : warning LNK4006: stbi_load_gif_from_memory already defined in 3DCamera.obj; second definition ignored
Render.obj : warning LNK4006: stbi_load_from_callbacks already defined in 3DCamera.obj; second definition ignored
Render.obj : warning LNK4006: stbi_load_from_memory already defined in 3DCamera.obj; second definition ignored
Render.obj : warning LNK4006: stbi_load_16_from_callbacks already defined in 3DCamera.obj; second definition ignored
Render.obj : warning LNK4006: stbi_load_16_from_memory already defined in 3DCamera.obj; second definition ignored
Render.obj : warning LNK4006: stbi_load_16 already defined in 3DCamera.obj; second definition ignored
Render.obj : warning LNK4006: stbi_load_from_file_16 already defined in 3DCamera.obj; second definition ignored
Render.obj : warning LNK4006: stbi_load_from_file already defined in 3DCamera.obj; second definition ignored
Render.obj : warning LNK4006: stbi_load already defined in 3DCamera.obj; second definition ignored
Render.obj : warning LNK4006: stbi_set_flip_vertically_on_load already defined in 3DCamera.obj; second definition ignored
Render.obj : warning LNK4006: stbi_image_free already defined in 3DCamera.obj; second definition ignored
Render.obj : warning LNK4006: stbi_failure_reason already defined in 3DCamera.obj; second definition ignored
RenderVulkan.obj : warning LNK4006: "bool Core::criticalError" (?criticalError@Core@@3_NA) already defined in Allocator.obj; second definition ignored
RenderVulkan.obj : warning LNK4006: "bool Core::vulkanmode" (?vulkanmode@Core@@3_NA) already defined in Allocator.obj; second definition ignored
RenderVulkan.obj : warning LNK4006: "bool Core::debugmode" (?debugmode@Core@@3_NA) already defined in Allocator.obj; second definition ignored
RenderVulkan.obj : warning LNK4006: "bool Core::benchmode" (?benchmode@Core@@3_NA) already defined in Allocator.obj; second definition ignored
RenderVulkan.obj : warning LNK4006: "void __cdecl DestroyDebugReportCallbackEXT(struct VkInstance_T *,struct VkDebugReportCallbackEXT_T *,struct VkAllocationCallbacks const *)" (?DestroyDebugReportCallbackEXT@@YAXPEAUVkInstance_T@@PEAUVkDebugReportCallbackEXT_T@@PEBUVkAllocationCallbacks@@@Z) already defined in 3DCamera.obj; second definition ignored
RenderVulkan.obj : warning LNK4006: "enum VkResult __cdecl CreateDebugReportCallbackEXT(struct VkInstance_T *,struct VkDebugReportCallbackCreateInfoEXT const *,struct VkAllocationCallbacks const *,struct VkDebugReportCallbackEXT_T * *)" (?CreateDebugReportCallbackEXT@@YA?AW4VkResult@@PEAUVkInstance_T@@PEBUVkDebugReportCallbackCreateInfoEXT@@PEBUVkAllocationCallbacks@@PEAPEAUVkDebugReportCallbackEXT_T@@@Z) already defined in 3DCamera.obj; second definition ignored
RenderVulkan.obj : warning LNK4006: "bool __cdecl tinyobj::LoadObjWithCallback(class std::basic_istream<char,struct std::char_traits<char> > &,struct tinyobj::callback_t_ const &,void *,class tinyobj::MaterialReader *,class std::basic_string<char,struct std::char_traits<char>,class std::allocator<char> > *)" (?LoadObjWithCallback@tinyobj@@YA_NAEAV?$basic_istream@DU?$char_traits@D@std@@@std@@AEBUcallback_t_@1@PEAXPEAVMaterialReader@1@PEAV?$basic_string@DU?$char_traits@D@std@@V?$allocator@D@2@@3@@Z) already defined in 3DCamera.obj; second definition ignored
RenderVulkan.obj : warning LNK4006: "bool __cdecl tinyobj::LoadObj(struct tinyobj::attrib_t *,class std::vector<struct tinyobj::shape_t,class std::allocator<struct tinyobj::shape_t> > *,class std::vector<struct tinyobj::material_t,class std::allocator<struct tinyobj::material_t> > *,class std::basic_string<char,struct std::char_traits<char>,class std::allocator<char> > *,class std::basic_istream<char,struct std::char_traits<char> > *,class tinyobj::MaterialReader *,bool)" (?LoadObj@tinyobj@@YA_NPEAUattrib_t@1@PEAV?$vector@Ushape_t@tinyobj@@V?$allocator@Ushape_t@tinyobj@@@std@@@std@@PEAV?$vector@Umaterial_t@tinyobj@@V?$allocator@Umaterial_t@tinyobj@@@std@@@4@PEAV?$basic_string@DU?$char_traits@D@std@@V?$allocator@D@2@@4@PEAV?$basic_istream@DU?$char_traits@D@std@@@4@PEAVMaterialReader@1@_N@Z) already defined in 3DCamera.obj; second definition ignored
RenderVulkan.obj : warning LNK4006: "bool __cdecl tinyobj::LoadObj(struct tinyobj::attrib_t *,class std::vector<struct tinyobj::shape_t,class std::allocator<struct tinyobj::shape_t> > *,class std::vector<struct tinyobj::material_t,class std::allocator<struct tinyobj::material_t> > *,class std::basic_string<char,struct std::char_traits<char>,class std::allocator<char> > *,char const *,char const *,bool)" (?LoadObj@tinyobj@@YA_NPEAUattrib_t@1@PEAV?$vector@Ushape_t@tinyobj@@V?$allocator@Ushape_t@tinyobj@@@std@@@std@@PEAV?$vector@Umaterial_t@tinyobj@@V?$allocator@Umaterial_t@tinyobj@@@std@@@4@PEAV?$basic_string@DU?$char_traits@D@std@@V?$allocator@D@2@@4@PEBD4_N@Z) already defined in 3DCamera.obj; second definition ignored
RenderVulkan.obj : warning LNK4006: "public: virtual bool __cdecl tinyobj::MaterialStreamReader::operator()(class std::basic_string<char,struct std::char_traits<char>,class std::allocator<char> > const &,class std::vector<struct tinyobj::material_t,class std::allocator<struct tinyobj::material_t> > *,class std::map<class std::basic_string<char,struct std::char_traits<char>,class std::allocator<char> >,int,struct std::less<class std::basic_string<char,struct std::char_traits<char>,class std::allocator<char> > >,class std::allocator<struct std::pair<class std::basic_string<char,struct std::char_traits<char>,class std::allocator<char> > const ,int> > > *,class std::basic_string<char,struct std::char_traits<char>,class std::allocator<char> > *)" (??RMaterialStreamReader@tinyobj@@UEAA_NAEBV?$basic_string@DU?$char_traits@D@std@@V?$allocator@D@2@@std@@PEAV?$vector@Umaterial_t@tinyobj@@V?$allocator@Umaterial_t@tinyobj@@@std@@@3@PEAV?$map@V?$basic_string@DU?$char_traits@D@std@@V?$allocator@D@2@@std@@HU?$less@V?$basic_string@DU?$char_traits@D@std@@V?$allocator@D@2@@std@@@2@V?$allocator@U?$pair@$$CBV?$basic_string@DU?$char_traits@D@std@@V?$allocator@D@2@@std@@H@std@@@2@@3@PEAV23@@Z) already defined in 3DCamera.obj; second definition ignored
RenderVulkan.obj : warning LNK4006: "public: virtual bool __cdecl tinyobj::MaterialFileReader::operator()(class std::basic_string<char,struct std::char_traits<char>,class std::allocator<char> > const &,class std::vector<struct tinyobj::material_t,class std::allocator<struct tinyobj::material_t> > *,class std::map<class std::basic_string<char,struct std::char_traits<char>,class std::allocator<char> >,int,struct std::less<class std::basic_string<char,struct std::char_traits<char>,class std::allocator<char> > >,class std::allocator<struct std::pair<class std::basic_string<char,struct std::char_traits<char>,class std::allocator<char> > const ,int> > > *,class std::basic_string<char,struct std::char_traits<char>,class std::allocator<char> > *)" (??RMaterialFileReader@tinyobj@@UEAA_NAEBV?$basic_string@DU?$char_traits@D@std@@V?$allocator@D@2@@std@@PEAV?$vector@Umaterial_t@tinyobj@@V?$allocator@Umaterial_t@tinyobj@@@std@@@3@PEAV?$map@V?$basic_string@DU?$char_traits@D@std@@V?$allocator@D@2@@std@@HU?$less@V?$basic_string@DU?$char_traits@D@std@@V?$allocator@D@2@@std@@@2@V?$allocator@U?$pair@$$CBV?$basic_string@DU?$char_traits@D@std@@V?$allocator@D@2@@std@@H@std@@@2@@3@PEAV23@@Z) already defined in 3DCamera.obj; second definition ignored
RenderVulkan.obj : warning LNK4006: "void __cdecl tinyobj::LoadMtl(class std::map<class std::basic_string<char,struct std::char_traits<char>,class std::allocator<char> >,int,struct std::less<class std::basic_string<char,struct std::char_traits<char>,class std::allocator<char> > >,class std::allocator<struct std::pair<class std::basic_string<char,struct std::char_traits<char>,class std::allocator<char> > const ,int> > > *,class std::vector<struct tinyobj::material_t,class std::allocator<struct tinyobj::material_t> > *,class std::basic_istream<char,struct std::char_traits<char> > *,class std::basic_string<char,struct std::char_traits<char>,class std::allocator<char> > *)" (?LoadMtl@tinyobj@@YAXPEAV?$map@V?$basic_string@DU?$char_traits@D@std@@V?$allocator@D@2@@std@@HU?$less@V?$basic_string@DU?$char_traits@D@std@@V?$allocator@D@2@@std@@@2@V?$allocator@U?$pair@$$CBV?$basic_string@DU?$char_traits@D@std@@V?$allocator@D@2@@std@@H@std@@@2@@std@@PEAV?$vector@Umaterial_t@tinyobj@@V?$allocator@Umaterial_t@tinyobj@@@std@@@3@PEAV?$basic_istream@DU?$char_traits@D@std@@@3@PEAV?$basic_string@DU?$char_traits@D@std@@V?$allocator@D@2@@3@@Z) already defined in 3DCamera.obj; second definition ignored
RenderVulkan.obj : warning LNK4006: "public: virtual __cdecl tinyobj::MaterialReader::~MaterialReader(void)" (??1MaterialReader@tinyobj@@UEAA@XZ) already defined in 3DCamera.obj; second definition ignored
RenderVulkan.obj : warning LNK4006: stbi_is_16_bit_from_callbacks already defined in 3DCamera.obj; second definition ignored
RenderVulkan.obj : warning LNK4006: stbi_is_16_bit_from_memory already defined in 3DCamera.obj; second definition ignored
RenderVulkan.obj : warning LNK4006: stbi_info_from_callbacks already defined in 3DCamera.obj; second definition ignored
RenderVulkan.obj : warning LNK4006: stbi_info_from_memory already defined in 3DCamera.obj; second definition ignored
RenderVulkan.obj : warning LNK4006: stbi_is_16_bit_from_file already defined in 3DCamera.obj; second definition ignored
RenderVulkan.obj : warning LNK4006: stbi_is_16_bit already defined in 3DCamera.obj; second definition ignored
RenderVulkan.obj : warning LNK4006: stbi_info_from_file already defined in 3DCamera.obj; second definition ignored
RenderVulkan.obj : warning LNK4006: stbi_info already defined in 3DCamera.obj; second definition ignored
RenderVulkan.obj : warning LNK4006: stbi_convert_iphone_png_to_rgb already defined in 3DCamera.obj; second definition ignored
RenderVulkan.obj : warning LNK4006: stbi_set_unpremultiply_on_load already defined in 3DCamera.obj; second definition ignored
RenderVulkan.obj : warning LNK4006: stbi_zlib_decode_noheader_buffer already defined in 3DCamera.obj; second definition ignored
RenderVulkan.obj : warning LNK4006: stbi_zlib_decode_noheader_malloc already defined in 3DCamera.obj; second definition ignored
RenderVulkan.obj : warning LNK4006: stbi_zlib_decode_buffer already defined in 3DCamera.obj; second definition ignored
RenderVulkan.obj : warning LNK4006: stbi_zlib_decode_malloc_guesssize_headerflag already defined in 3DCamera.obj; second definition ignored
RenderVulkan.obj : warning LNK4006: stbi_zlib_decode_malloc already defined in 3DCamera.obj; second definition ignored
RenderVulkan.obj : warning LNK4006: stbi_zlib_decode_malloc_guesssize already defined in 3DCamera.obj; second definition ignored
RenderVulkan.obj : warning LNK4006: stbi_hdr_to_ldr_scale already defined in 3DCamera.obj; second definition ignored
RenderVulkan.obj : warning LNK4006: stbi_hdr_to_ldr_gamma already defined in 3DCamera.obj; second definition ignored
RenderVulkan.obj : warning LNK4006: stbi_ldr_to_hdr_scale already defined in 3DCamera.obj; second definition ignored
RenderVulkan.obj : warning LNK4006: stbi_ldr_to_hdr_gamma already defined in 3DCamera.obj; second definition ignored
RenderVulkan.obj : warning LNK4006: stbi_is_hdr_from_callbacks already defined in 3DCamera.obj; second definition ignored
RenderVulkan.obj : warning LNK4006: stbi_is_hdr_from_file already defined in 3DCamera.obj; second definition ignored
RenderVulkan.obj : warning LNK4006: stbi_is_hdr already defined in 3DCamera.obj; second definition ignored
RenderVulkan.obj : warning LNK4006: stbi_is_hdr_from_memory already defined in 3DCamera.obj; second definition ignored
RenderVulkan.obj : warning LNK4006: stbi_loadf_from_file already defined in 3DCamera.obj; second definition ignored
RenderVulkan.obj : warning LNK4006: stbi_loadf already defined in 3DCamera.obj; second definition ignored
RenderVulkan.obj : warning LNK4006: stbi_loadf_from_callbacks already defined in 3DCamera.obj; second definition ignored
RenderVulkan.obj : warning LNK4006: stbi_loadf_from_memory already defined in 3DCamera.obj; second definition ignored
RenderVulkan.obj : warning LNK4006: stbi_load_gif_from_memory already defined in 3DCamera.obj; second definition ignored
RenderVulkan.obj : warning LNK4006: stbi_load_from_callbacks already defined in 3DCamera.obj; second definition ignored
RenderVulkan.obj : warning LNK4006: stbi_load_from_memory already defined in 3DCamera.obj; second definition ignored
RenderVulkan.obj : warning LNK4006: stbi_load_16_from_callbacks already defined in 3DCamera.obj; second definition ignored
RenderVulkan.obj : warning LNK4006: stbi_load_16_from_memory already defined in 3DCamera.obj; second definition ignored
RenderVulkan.obj : warning LNK4006: stbi_load_16 already defined in 3DCamera.obj; second definition ignored
RenderVulkan.obj : warning LNK4006: stbi_load_from_file_16 already defined in 3DCamera.obj; second definition ignored
RenderVulkan.obj : warning LNK4006: stbi_load_from_file already defined in 3DCamera.obj; second definition ignored
RenderVulkan.obj : warning LNK4006: stbi_load already defined in 3DCamera.obj; second definition ignored
RenderVulkan.obj : warning LNK4006: stbi_set_flip_vertically_on_load already defined in 3DCamera.obj; second definition ignored
RenderVulkan.obj : warning LNK4006: stbi_image_free already defined in 3DCamera.obj; second definition ignored
RenderVulkan.obj : warning LNK4006: stbi_failure_reason already defined in 3DCamera.obj; second definition ignored
ThreadManager.obj : warning LNK4006: "bool Core::criticalError" (?criticalError@Core@@3_NA) already defined in Allocator.obj; second definition ignored
ThreadManager.obj : warning LNK4006: "bool Core::vulkanmode" (?vulkanmode@Core@@3_NA) already defined in Allocator.obj; second definition ignored
ThreadManager.obj : warning LNK4006: "bool Core::debugmode" (?debugmode@Core@@3_NA) already defined in Allocator.obj; second definition ignored
ThreadManager.obj : warning LNK4006: "bool Core::benchmode" (?benchmode@Core@@3_NA) already defined in Allocator.obj; second definition ignored
LINK : fatal error LNK1181: cannot open input file 'X:\nyanengine\Bin\Int\x64\ReleaseDXR\Lib\Falcor.lib'
